# JRE version: OpenJDK Runtime Environment (11.0.10) (build 11.0.10+0-b96-7249189)
# Java VM: OpenJDK 64-Bit Server VM (11.0.10+0-b96-7249189, mixed mode, tiered, compressed oops, g1 gc, windows-amd64)
Heap:
 garbage-first heap   total 172032K, used 125843K [0x0000000080000000, 0x0000000100000000)
  region size 1024K, 8 young (8192K), 1 survivors (1024K)
 Metaspace       used 117453K, capacity 120505K, committed 121164K, reserved 1153024K
  class space    used 15246K, capacity 16414K, committed 16716K, reserved 1048576K
GC Heap History (20 events):
Event: 61.372 GC heap before
{Heap before GC invocations=64 (full 0):
 garbage-first heap   total 172032K, used 134577K [0x0000000080000000, 0x0000000100000000)
  region size 1024K, 38 young (38912K), 1 survivors (1024K)
 Metaspace       used 105937K, capacity 108588K, committed 108876K, reserved 1142784K
  class space    used 13655K, capacity 14630K, committed 14668K, reserved 1048576K
}
Event: 61.386 GC heap after
{Heap after GC invocations=65 (full 0):
 garbage-first heap   total 172032K, used 98296K [0x0000000080000000, 0x0000000100000000)
  region size 1024K, 5 young (5120K), 5 survivors (5120K)
 Metaspace       used 105937K, capacity 108588K, committed 108876K, reserved 1142784K
  class space    used 13655K, capacity 14630K, committed 14668K, reserved 1048576K
}
Event: 61.970 GC heap before
{Heap before GC invocations=65 (full 0):
 garbage-first heap   total 172032K, used 134136K [0x0000000080000000, 0x0000000100000000)
  region size 1024K, 41 young (41984K), 5 survivors (5120K)
 Metaspace       used 109684K, capacity 112744K, committed 112844K, reserved 1146880K
  class space    used 14339K, capacity 15494K, committed 15564K, reserved 1048576K
}
Event: 62.065 GC heap after
{Heap after GC invocations=66 (full 0):
 garbage-first heap   total 172032K, used 106141K [0x0000000080000000, 0x0000000100000000)
  region size 1024K, 6 young (6144K), 6 survivors (6144K)
 Metaspace       used 109684K, capacity 112744K, committed 112844K, reserved 1146880K
  class space    used 14339K, capacity 15494K, committed 15564K, reserved 1048576K
}
Event: 62.878 GC heap before
{Heap before GC invocations=67 (full 0):
 garbage-first heap   total 172032K, used 137885K [0x0000000080000000, 0x0000000100000000)
  region size 1024K, 37 young (37888K), 6 survivors (6144K)
 Metaspace       used 112133K, capacity 115300K, committed 115532K, reserved 1148928K
  class space    used 14622K, capacity 15827K, committed 15948K, reserved 1048576K
}
Event: 62.893 GC heap after
{Heap after GC invocations=68 (full 0):
 garbage-first heap   total 172032K, used 108864K [0x0000000080000000, 0x0000000100000000)
  region size 1024K, 3 young (3072K), 3 survivors (3072K)
 Metaspace       used 112133K, capacity 115300K, committed 115532K, reserved 1148928K
  class space    used 14622K, capacity 15827K, committed 15948K, reserved 1048576K
}
Event: 63.248 GC heap before
{Heap before GC invocations=68 (full 0):
 garbage-first heap   total 172032K, used 138560K [0x0000000080000000, 0x0000000100000000)
  region size 1024K, 33 young (33792K), 3 survivors (3072K)
 Metaspace       used 113262K, capacity 116484K, committed 116684K, reserved 1150976K
  class space    used 14794K, capacity 16030K, committed 16076K, reserved 1048576K
}
Event: 63.256 GC heap after
{Heap after GC invocations=69 (full 0):
 garbage-first heap   total 172032K, used 109368K [0x0000000080000000, 0x0000000100000000)
  region size 1024K, 3 young (3072K), 3 survivors (3072K)
 Metaspace       used 113262K, capacity 116484K, committed 116684K, reserved 1150976K
  class space    used 14794K, capacity 16030K, committed 16076K, reserved 1048576K
}
Event: 63.587 GC heap before
{Heap before GC invocations=70 (full 0):
 garbage-first heap   total 172032K, used 124728K [0x0000000080000000, 0x0000000100000000)
  region size 1024K, 20 young (20480K), 3 survivors (3072K)
 Metaspace       used 112957K, capacity 115869K, committed 116940K, reserved 1150976K
  class space    used 14589K, capacity 15654K, committed 16076K, reserved 1048576K
}
Event: 63.593 GC heap after
{Heap after GC invocations=71 (full 0):
 garbage-first heap   total 172032K, used 109499K [0x0000000080000000, 0x0000000100000000)
  region size 1024K, 3 young (3072K), 3 survivors (3072K)
 Metaspace       used 112957K, capacity 115869K, committed 116940K, reserved 1150976K
  class space    used 14589K, capacity 15654K, committed 16076K, reserved 1048576K
}
Event: 64.228 GC heap before
{Heap before GC invocations=72 (full 0):
 garbage-first heap   total 172032K, used 142267K [0x0000000080000000, 0x0000000100000000)
  region size 1024K, 34 young (34816K), 3 survivors (3072K)
 Metaspace       used 114253K, capacity 117239K, committed 118220K, reserved 1150976K
  class space    used 14817K, capacity 15894K, committed 16332K, reserved 1048576K
}
Event: 64.234 GC heap after
{Heap after GC invocations=73 (full 0):
 garbage-first heap   total 172032K, used 112368K [0x0000000080000000, 0x0000000100000000)
  region size 1024K, 5 young (5120K), 5 survivors (5120K)
 Metaspace       used 114253K, capacity 117239K, committed 118220K, reserved 1150976K
  class space    used 14817K, capacity 15894K, committed 16332K, reserved 1048576K
}
Event: 64.565 GC heap before
{Heap before GC invocations=73 (full 0):
 garbage-first heap   total 172032K, used 129776K [0x0000000080000000, 0x0000000100000000)
  region size 1024K, 24 young (24576K), 5 survivors (5120K)
 Metaspace       used 114991K, capacity 118033K, committed 118604K, reserved 1150976K
  class space    used 14959K, capacity 16111K, committed 16460K, reserved 1048576K
}
Event: 64.675 GC heap after
{Heap after GC invocations=74 (full 0):
 garbage-first heap   total 172032K, used 116348K [0x0000000080000000, 0x0000000100000000)
  region size 1024K, 5 young (5120K), 5 survivors (5120K)
 Metaspace       used 114991K, capacity 118033K, committed 118604K, reserved 1150976K
  class space    used 14959K, capacity 16111K, committed 16460K, reserved 1048576K
}
Event: 66.381 GC heap before
{Heap before GC invocations=75 (full 0):
 garbage-first heap   total 172032K, used 141948K [0x0000000080000000, 0x0000000100000000)
  region size 1024K, 29 young (29696K), 5 survivors (5120K)
 Metaspace       used 116250K, capacity 119312K, committed 119884K, reserved 1153024K
  class space    used 15073K, capacity 16224K, committed 16460K, reserved 1048576K
}
Event: 66.401 GC heap after
{Heap after GC invocations=76 (full 0):
 garbage-first heap   total 172032K, used 119034K [0x0000000080000000, 0x0000000100000000)
  region size 1024K, 3 young (3072K), 3 survivors (3072K)
 Metaspace       used 116250K, capacity 119312K, committed 119884K, reserved 1153024K
  class space    used 15073K, capacity 16224K, committed 16460K, reserved 1048576K
}
Event: 66.494 GC heap before
{Heap before GC invocations=76 (full 0):
 garbage-first heap   total 172032K, used 124154K [0x0000000080000000, 0x0000000100000000)
  region size 1024K, 8 young (8192K), 3 survivors (3072K)
 Metaspace       used 116309K, capacity 119388K, committed 119884K, reserved 1153024K
  class space    used 15080K, capacity 16229K, committed 16460K, reserved 1048576K
}
Event: 66.501 GC heap after
{Heap after GC invocations=77 (full 0):
 garbage-first heap   total 172032K, used 111510K [0x0000000080000000, 0x0000000100000000)
  region size 1024K, 1 young (1024K), 1 survivors (1024K)
 Metaspace       used 116309K, capacity 119388K, committed 119884K, reserved 1153024K
  class space    used 15080K, capacity 16229K, committed 16460K, reserved 1048576K
}
Event: 66.832 GC heap before
{Heap before GC invocations=77 (full 0):
 garbage-first heap   total 172032K, used 119702K [0x0000000080000000, 0x0000000100000000)
  region size 1024K, 10 young (10240K), 1 survivors (1024K)
 Metaspace       used 116915K, capacity 120074K, committed 120524K, reserved 1153024K
  class space    used 15171K, capacity 16354K, committed 16588K, reserved 1048576K
}
Event: 66.852 GC heap after
{Heap after GC invocations=78 (full 0):
 garbage-first heap   total 172032K, used 111507K [0x0000000080000000, 0x0000000100000000)
  region size 1024K, 1 young (1024K), 1 survivors (1024K)
 Metaspace       used 116915K, capacity 120074K, committed 120524K, reserved 1153024K
  class space    used 15171K, capacity 16354K, committed 16588K, reserved 1048576K
}

